
Mar 24, 2017 12:50:56.80 NEW SESSION
Mar 24, 2017 12:50:56.80 [4104:648:0324/125056.802:ERROR:mf_helpers.cc(12)] Error in dxva_video_decode_accelerator_win.cc on line 345
Mar 24, 2017 12:51:07.44 [6240:3580:0324/125107.448:ERROR:mf_helpers.cc(12)] Error in dxva_video_decode_accelerator_win.cc on line 345

Mar 24, 2017 12:52:50.07 NEW SESSION
Mar 24, 2017 12:52:50.07 [7700:2900:0324/125250.072:ERROR:mf_helpers.cc(12)] Error in dxva_video_decode_accelerator_win.cc on line 345
Mar 24, 2017 12:53:03.62 [4840:268:0324/125303.625:ERROR:mf_helpers.cc(12)] Error in dxva_video_decode_accelerator_win.cc on line 345
Mar 24, 2017 12:53:03.75 [10968:9412:0324/125303.758:ERROR:browser_gpu_channel_host_factory.cc(125)] Failed to create channel.
Mar 24, 2017 12:53:03.76 [10968:9412:0324/125303.758:ERROR:browser_gpu_channel_host_factory.cc(125)] Failed to create channel.
Mar 24, 2017 12:53:03.76 [10968:9412:0324/125303.758:ERROR:browser_gpu_channel_host_factory.cc(125)] Failed to create channel.
Mar 24, 2017 12:53:03.76 [10968:9412:0324/125303.758:ERROR:browser_gpu_channel_host_factory.cc(125)] Failed to create channel.
Mar 24, 2017 12:53:03.76 [10968:9412:0324/125303.758:ERROR:browser_gpu_channel_host_factory.cc(125)] Failed to create channel.
Mar 24, 2017 12:53:04.10 [1840:8768:0324/125304.102:ERROR:mf_helpers.cc(12)] Error in dxva_video_decode_accelerator_win.cc on line 297
Mar 24, 2017 12:55:19.04 A Parser-blocking, cross-origin script, http://zone.uniad.vn/publisher/device.js, is invoked via document.write. This may be blocked by the browser if the device has poor network connectivity. See https://www.chromestatus.com/feature/5718547946799104 for more details.
Mar 24, 2017 12:55:19.04 A Parser-blocking, cross-origin script, http://zone.uniad.vn/publisher/device.js, is invoked via document.write. This may be blocked by the browser if the device has poor network connectivity. See https://www.chromestatus.com/feature/5718547946799104 for more details.
Mar 24, 2017 12:55:19.04 A Parser-blocking, cross-origin script, http://zone.uniad.vn/publisher/flashdetect.js, is invoked via document.write. This may be blocked by the browser if the device has poor network connectivity. See https://www.chromestatus.com/feature/5718547946799104 for more details.
Mar 24, 2017 12:55:19.04 A Parser-blocking, cross-origin script, http://zone.uniad.vn/publisher/ArrayAdBox.js?v=1.000, is invoked via document.write. This may be blocked by the browser if the device has poor network connectivity. See https://www.chromestatus.com/feature/5718547946799104 for more details.
Mar 24, 2017 12:55:19.04 A Parser-blocking, cross-origin script, http://zone.uniad.vn/publisher/define.js?v=1.156, is invoked via document.write. This may be blocked by the browser if the device has poor network connectivity. See https://www.chromestatus.com/feature/5718547946799104 for more details.
Mar 24, 2017 12:55:19.04 A Parser-blocking, cross-origin script, http://media.adnetwork.vn/js/adnetwork.js, is invoked via document.write. This may be blocked by the browser if the device has poor network connectivity. See https://www.chromestatus.com/feature/5718547946799104 for more details.
Mar 24, 2017 12:55:19.04 A Parser-blocking, cross-origin script, http://media.adnetwork.vn/js/adnetwork.js, is invoked via document.write. This may be blocked by the browser if the device has poor network connectivity. See https://www.chromestatus.com/feature/5718547946799104 for more details.
Mar 24, 2017 12:55:19.04 A Parser-blocking, cross-origin script, http://delivery.adnetwork.vn/247/popupad/zid_1381910650/wid_1381893491/sc_1366x768/fl_0/lg_dmk=/jv_0/urf_aHR0cDovL3Npbmh2aWVuaXQubmV0L2ZvcnVtL2Nzcy1sYW0tc2FvLWRlLWNhbmgtZ2l1YS1tYW5nLWhpbmgtbW90LXRoZS1kaXYtdm9pLXBvc2l0aW9uLWxhLWZpeGVkLjIxNDA4Mi5odG1s/cb_863103/, is invoked via document.write. This may be blocked by the browser if the device has poor network connectivity. See https://www.chromestatus.com/feature/5718547946799104 for more details.
Mar 24, 2017 12:55:19.04 A Parser-blocking, cross-origin script, http://delivery.adnetwork.vn/247/popupad/zid_1381910650/wid_1381893491/sc_1366x768/fl_0/lg_dmk=/jv_0/urf_aHR0cDovL3Npbmh2aWVuaXQubmV0L2ZvcnVtL2Nzcy1sYW0tc2FvLWRlLWNhbmgtZ2l1YS1tYW5nLWhpbmgtbW90LXRoZS1kaXYtdm9pLXBvc2l0aW9uLWxhLWZpeGVkLjIxNDA4Mi5odG1s/cb_863103/, is invoked via document.write. This may be blocked by the browser if the device has poor network connectivity. See https://www.chromestatus.com/feature/5718547946799104 for more details.
Mar 24, 2017 12:55:19.04 A Parser-blocking, cross-origin script, http://media.adnetwork.vn/assets/js/abd.interstitial.preroll.v4.js, is invoked via document.write. This may be blocked by the browser if the device has poor network connectivity. See https://www.chromestatus.com/feature/5718547946799104 for more details.
Mar 24, 2017 12:55:19.04 A Parser-blocking, cross-origin script, http://media.adnetwork.vn/assets/js/abd.interstitial.preroll.v4.js, is invoked via document.write. This may be blocked by the browser if the device has poor network connectivity. See https://www.chromestatus.com/feature/5718547946799104 for more details.
Mar 24, 2017 12:55:19.04 A Parser-blocking, cross-origin script, http://js.genieessp.com/t/098/885/a1098885.js, is invoked via document.write. This may be blocked by the browser if the device has poor network connectivity. See https://www.chromestatus.com/feature/5718547946799104 for more details.
Mar 24, 2017 12:55:19.04 A Parser-blocking, cross-origin script, http://static.yomedia.vn/js/yo-delivery.js, is invoked via document.write. This may be blocked by the browser if the device has poor network connectivity. See https://www.chromestatus.com/feature/5718547946799104 for more details.
Mar 24, 2017 12:55:23.90 A Parser-blocking, cross-origin script, http://static.yomedia.vn/js/yo-de[1840:8768:0324/125523.909:ERROR:mf_helpers.cc(12)] Error in dxva_video_decode_accelerator_win.cc on line 602
Mar 24, 2017 12:55:23.91 [1840:8768:0324/125523.909:ERROR:gpu_video_decode_accelerator.cc(373)] HW video decode not available for profile 3
Mar 24, 2017 13:05:09.01 [1840:8768:0324/130509.010:ERROR:mf_helpers.cc(12)] Error in dxva_video_decode_accelerator_win.cc on line 602
Mar 24, 2017 13:05:09.01 [1840:8768:0324/130509.010:ERROR:gpu_video_decode_accelerator.cc(373)] HW video decode not available for profile 1
Mar 24, 2017 13:05:33.64 [1840:8768:0324/130533.642:ERROR:mf_helpers.cc(12)] Error in dxva_video_decode_accelerator_win.cc on line 602
Mar 24, 2017 13:05:33.64 [1840:8768:0324/130533.643:ERROR:gpu_video_decode_accelerator.cc(373)] HW video decode not available for profile 1
Mar 24, 2017 13:05:59.20 [1840:8768:0324/130559.207:ERROR:mf_helpers.cc(12)] Error in dxva_video_decode_accelerator_win.cc on line 602
Mar 24, 2017 13:05:59.20 [1840:8768:0324/130559.208:ERROR:gpu_video_decode_accelerator.cc(373)] HW video decode not available for profile 1
Mar 24, 2017 13:11:50.17 [10968:11592:0324/131150.175:ERROR:CONSOLE(3889)] "Failed to get text for stylesheet 9236.345: No style sheet with given id found", source: chrome-devtools://devtools/bundled/inspector.js (3889)
Mar 24, 2017 13:11:51.66 [10968:11592:0324/131151.664:ERROR:CONSOLE(3889)] "Failed to get text for stylesheet 9236.351: No style sheet with given id found", source: chrome-devtools://devtools/bundled/inspector.js (3889)
Mar 24, 2017 13:11:52.62 [10968:11592:0324/131152.625:ERROR:CONSOLE(3889)] "Failed to get text for stylesheet 9236.363: No style sheet with given id found", source: chrome-devtools://devtools/bundled/inspector.js (3889)
Mar 24, 2017 13:11:52.85 [10968:11592:0324/131152.850:ERROR:CONSOLE(3889)] "Failed to get text for stylesheet 9236.367: No style sheet with given id found", source: chrome-devtools://devtools/bundled/inspector.js (3889)
Mar 24, 2017 13:11:53.15 [10968:11592:0324/131153.152:ERROR:CONSOLE(3889)] "Failed to get text for stylesheet 9236.374: No style sheet with given id found", source: chrome-devtools://devtools/bundled/inspector.js (3889)
Mar 24, 2017 13:11:53.15 [10968:11592:0324/131153.152:ERROR:CONSOLE(3889)] "Failed to get text for stylesheet 9236.375: No style sheet with given id found", source: chrome-devtools://devtools/bundled/inspector.js (3889)
Mar 24, 2017 13:11:53.30 [10968:11592:0324/131153.303:ERROR:CONSOLE(3889)] "Failed to get text for stylesheet 9236.378: No style sheet with given id found", source: chrome-devtools://devtools/bundled/inspector.js (3889)
Mar 24, 2017 13:11:53.30 [10968:11592:0324/131153.304:ERROR:CONSOLE(3889)] "Failed to get text for stylesheet 9236.379: No style sheet with given id found", source: chrome-devtools://devtools/bundled/inspector.js (3889)
Mar 24, 2017 13:11:53.51 [10968:11592:0324/131153.512:ERROR:CONSOLE(3889)] "Failed to get text for stylesheet 9236.386: No style sheet with given id found", source: chrome-devtools://devtools/bundled/inspector.js (3889)
Mar 24, 2017 13:11:54.89 [10968:11592:0324/131154.899:ERROR:CONSOLE(3889)] "Failed to get text for stylesheet 9236.395: No style sheet with given id found", source: chrome-devtools://devtools/bundled/inspector.js (3889)
Mar 24, 2017 13:11:55.33 [10968:11592:0324/131155.336:ERROR:CONSOLE(3889)] "Failed to get text for stylesheet 9236.399: No style sheet with given id found", source: chrome-devtools://devtools/bundled/inspector.js (3889)
Mar 24, 2017 13:11:59.88 [10968:11592:0324/131159.886:ERROR:CONSOLE(3889)] "Failed to get text for stylesheet 9236.411: No style sheet with given id found", source: chrome-devtools://devtools/bundled/inspector.js (3889)
Mar 24, 2017 13:12:00.86 [10968:11592:0324/131200.861:ERROR:CONSOLE(3889)] "Failed to get text for stylesheet 9236.415: No style sheet with given id found", source: chrome-devtools://devtools/bundled/inspector.js (3889)
