\BOOKMARK [0][-]{Doc-Start}{Muc luc}{}% 1
\BOOKMARK [0][-]{Doc-Start}{Danh muc h\354nh ve}{}% 2
\BOOKMARK [0][-]{chapter*.1}{Th\364ng tin kt qua nghi\352n cu}{}% 3
\BOOKMARK [0][-]{chapter*.2}{Information on research results}{}% 4
\BOOKMARK [0][-]{chapter*.3}{M u}{}% 5
\BOOKMARK [0][-]{chapter.1}{Logic m\364 ta v\340 c s tri thc}{}% 6
\BOOKMARK [1][-]{section.1.1}{Gii thiu v logic m\364 ta}{chapter.1}% 7
\BOOKMARK [2][-]{subsection.1.1.1}{Tng quan v logic m\364 ta}{section.1.1}% 8
\BOOKMARK [2][-]{subsection.1.1.2}{Biu din tri thc trong logic m\364 ta}{section.1.1}% 9
\BOOKMARK [2][-]{subsection.1.1.3}{Kha nang biu din cua logic m\364 ta}{section.1.1}% 10
\BOOKMARK [1][-]{section.1.2}{C\372 ph\341p v\340 ng ngh\232a cua logic m\364 ta}{chapter.1}% 11
\BOOKMARK [2][-]{subsection.1.2.1}{Ng\364n ng logic m\364 ta ALC}{section.1.2}% 12
\BOOKMARK [2][-]{subsection.1.2.2}{Ng\364n ng logic m\364 ta L,}{section.1.2}% 13
\BOOKMARK [1][-]{section.1.3}{C\341c dang chun}{chapter.1}% 14
\BOOKMARK [2][-]{subsection.1.3.1}{Dang chun phu inh cua kh\341i nim}{section.1.3}% 15
\BOOKMARK [2][-]{subsection.1.3.2}{Dang chun nghich ao cua vai tr\362}{section.1.3}% 16
\BOOKMARK [1][-]{section.1.4}{C s tri thc trong logic m\364 ta}{chapter.1}% 17
\BOOKMARK [2][-]{subsection.1.4.1}{B ti\352n \040vai tr\362}{section.1.4}% 18
\BOOKMARK [2][-]{subsection.1.4.2}{B ti\352n \040thut ng}{section.1.4}% 19
\BOOKMARK [2][-]{subsection.1.4.3}{B khng inh c\341 th}{section.1.4}% 20
\BOOKMARK [2][-]{subsection.1.4.4}{C s tri thc v\340 m\364 h\354nh cua c s tri thc}{section.1.4}% 21
\BOOKMARK [1][-]{section.1.5}{Suy lun trong logic m\364 ta}{chapter.1}% 22
\BOOKMARK [2][-]{subsection.1.5.1}{Gii thiu}{section.1.5}% 23
\BOOKMARK [2][-]{subsection.1.5.2}{C\341c thut to\341n suy lun}{section.1.5}% 24
\BOOKMARK [1][-]{subsubsection.1.5.2.2}{Tiu kt Chng 1}{chapter.1}% 25
\BOOKMARK [0][-]{chapter.2}{M\364 phong hai chiu trong logic m\364 ta v\340 t\355nh bt bin i vi m\364 phong hai chiu}{}% 26
\BOOKMARK [1][-]{section.2.1}{Gii thiu}{chapter.2}% 27
\BOOKMARK [1][-]{section.2.2}{M\364 phong hai chiu trong logic m\364 ta}{chapter.2}% 28
\BOOKMARK [2][-]{subsection.2.2.1}{M\364 phong hai chiu}{section.2.2}% 29
\BOOKMARK [2][-]{subsection.2.2.2}{Quan h tng t hai chiu v\340 quan h tng ng}{section.2.2}% 30
\BOOKMARK [1][-]{section.2.3}{T\355nh bt bin i vi m\364 phong hai chiu}{chapter.2}% 31
\BOOKMARK [2][-]{subsection.2.3.1}{Quan h gia m\364 phong hai chiu vi c\341c kh\341i nim v\340 vai tr\362}{section.2.3}% 32
\BOOKMARK [2][-]{subsection.2.3.2}{T\355nh bt bin cua kh\341i nim}{section.2.3}% 33
\BOOKMARK [2][-]{subsection.2.3.3}{T\355nh bt bin cua c s tri thc}{section.2.3}% 34
\BOOKMARK [1][-]{section.2.4}{T\355nh cht Hennessy-Milner i vi m\364 phong hai chiu}{chapter.2}% 35
\BOOKMARK [1][-]{section.2.5}{T m\364 phong hai chiu}{chapter.2}% 36
\BOOKMARK [1][-]{Item.14}{Tiu kt Chng 2}{chapter.2}% 37
\BOOKMARK [0][-]{chapter.3}{Hoc kh\341i nim trong logic m\364 ta s dung m\364 phong hai chiu}{}% 38
\BOOKMARK [1][-]{section.3.1}{Gii thiu}{chapter.3}% 39
\BOOKMARK [1][-]{section.3.2}{Ph\342n hoach min cua din dich trong logic m\364 ta}{chapter.3}% 40
\BOOKMARK [2][-]{subsection.3.2.1}{B chon c ban}{section.3.2}% 41
\BOOKMARK [2][-]{subsection.3.2.2}{C\341c \040o da tr\352n entropy trong vic ph\342n hoach min}{section.3.2}% 42
\BOOKMARK [2][-]{subsection.3.2.3}{Ph\342n hoach min cua din dich}{section.3.2}% 43
\BOOKMARK [1][-]{section.3.3}{Hoc kh\341i nim trong logic m\364 ta}{chapter.3}% 44
\BOOKMARK [2][-]{subsection.3.3.1}{Thut to\341n BBCL2}{section.3.3}% 45
\BOOKMARK [2][-]{subsection.3.3.2}{T\355nh \372ng cua thut to\341n BBCL2}{section.3.3}% 46
\BOOKMARK [2][-]{subsection.3.3.3}{V\355 du minh hoa}{section.3.3}% 47
\BOOKMARK [1][-]{Item.38}{Tiu kt Chng 3}{chapter.3}% 48
\BOOKMARK [0][-]{chapter*.4}{Kt lun}{}% 49
\BOOKMARK [0][-]{Item.44}{T\340i liu tham khao}{}% 50
\BOOKMARK [0][-]{chapter*.6}{Phu luc}{}% 51
